app/build/intermediates/manifest_merge_blame_file/release/manifest-merger-blame-release-report.txt
1<?xml version="1.0" encoding="utf-8"?>
2<manifest xmlns:android="http://schemas.android.com/apk/res/android"
3    package="com.expensemanager.app"
4    android:versionCode="1"
5    android:versionName="1.0" >
6
7    <uses-sdk
8        android:minSdkVersion="21"
9        android:targetSdkVersion="34" />
10
11    <uses-permission android:name="android.permission.READ_SMS" />
11-->src/main/AndroidManifest.xml:5:5-67
11-->src/main/AndroidManifest.xml:5:22-64
12    <uses-permission android:name="android.permission.RECEIVE_SMS" />
12-->src/main/AndroidManifest.xml:6:5-70
12-->src/main/AndroidManifest.xml:6:22-67
13    <uses-permission android:name="android.permission.INTERNET" />
13-->src/main/AndroidManifest.xml:7:5-67
13-->src/main/AndroidManifest.xml:7:22-64
14
15    <permission
15-->[androidx.core:core:1.12.0] AndroidManifest.xml:22:5-24:47
16        android:name="com.expensemanager.app.DYNAMIC_RECEIVER_NOT_EXPORTED_PERMISSION"
16-->[androidx.core:core:1.12.0] AndroidManifest.xml:23:9-81
17        android:protectionLevel="signature" />
17-->[androidx.core:core:1.12.0] AndroidManifest.xml:24:9-44
18
19    <uses-permission android:name="com.expensemanager.app.DYNAMIC_RECEIVER_NOT_EXPORTED_PERMISSION" />
19-->[androidx.core:core:1.12.0] AndroidManifest.xml:26:5-97
19-->[androidx.core:core:1.12.0] AndroidManifest.xml:26:22-94
20
21    <application
21-->src/main/AndroidManifest.xml:9:5-47:19
22        android:allowBackup="true"
22-->src/main/AndroidManifest.xml:10:9-35
23        android:appComponentFactory="androidx.core.app.CoreComponentFactory"
23-->[androidx.core:core:1.12.0] AndroidManifest.xml:28:18-86
24        android:dataExtractionRules="@xml/data_extraction_rules"
24-->src/main/AndroidManifest.xml:11:9-65
25        android:extractNativeLibs="true"
26        android:fullBackupContent="@xml/backup_rules"
26-->src/main/AndroidManifest.xml:12:9-54
27        android:icon="@drawable/ic_launcher_legacy"
27-->src/main/AndroidManifest.xml:13:9-52
28        android:label="@string/app_name"
28-->src/main/AndroidManifest.xml:14:9-41
29        android:theme="@style/Theme.ExpenseManager" >
29-->src/main/AndroidManifest.xml:15:9-52
30        <activity
30-->src/main/AndroidManifest.xml:18:9-26:20
31            android:name="com.expensemanager.app.MainActivity"
31-->src/main/AndroidManifest.xml:19:13-41
32            android:exported="true"
32-->src/main/AndroidManifest.xml:20:13-36
33            android:theme="@style/Theme.ExpenseManager" >
33-->src/main/AndroidManifest.xml:21:13-56
34            <intent-filter>
34-->src/main/AndroidManifest.xml:22:13-25:29
35                <action android:name="android.intent.action.MAIN" />
35-->src/main/AndroidManifest.xml:23:17-69
35-->src/main/AndroidManifest.xml:23:25-66
36
37                <category android:name="android.intent.category.LAUNCHER" />
37-->src/main/AndroidManifest.xml:24:17-77
37-->src/main/AndroidManifest.xml:24:27-74
38            </intent-filter>
39        </activity>
40
41        <receiver
41-->src/main/AndroidManifest.xml:28:9-35:20
42            android:name="com.expensemanager.app.utils.SMSReceiver"
42-->src/main/AndroidManifest.xml:29:13-46
43            android:enabled="true"
43-->src/main/AndroidManifest.xml:30:13-35
44            android:exported="true" >
44-->src/main/AndroidManifest.xml:31:13-36
45            <intent-filter android:priority="1000" >
45-->src/main/AndroidManifest.xml:32:13-34:29
45-->src/main/AndroidManifest.xml:32:28-51
46                <action android:name="android.provider.Telephony.SMS_RECEIVED" />
46-->src/main/AndroidManifest.xml:33:17-82
46-->src/main/AndroidManifest.xml:33:25-79
47            </intent-filter>
48        </receiver>
49
50        <provider
51            android:name="androidx.core.content.FileProvider"
51-->src/main/AndroidManifest.xml:38:13-62
52            android:authorities="com.expensemanager.app.provider"
52-->src/main/AndroidManifest.xml:39:13-60
53            android:exported="false"
53-->src/main/AndroidManifest.xml:40:13-37
54            android:grantUriPermissions="true" >
54-->src/main/AndroidManifest.xml:41:13-47
55            <meta-data
55-->src/main/AndroidManifest.xml:42:13-44:54
56                android:name="android.support.FILE_PROVIDER_PATHS"
56-->src/main/AndroidManifest.xml:43:17-67
57                android:resource="@xml/file_paths" />
57-->src/main/AndroidManifest.xml:44:17-51
58        </provider>
59
60        <activity
60-->[com.karumi:dexter:6.2.3] AndroidManifest.xml:27:9-29:72
61            android:name="com.karumi.dexter.DexterActivity"
61-->[com.karumi:dexter:6.2.3] AndroidManifest.xml:28:13-60
62            android:theme="@style/Dexter.Internal.Theme.Transparent" />
62-->[com.karumi:dexter:6.2.3] AndroidManifest.xml:29:13-69
63
64        <provider
64-->[androidx.emoji2:emoji2:1.2.0] AndroidManifest.xml:24:9-32:20
65            android:name="androidx.startup.InitializationProvider"
65-->[androidx.emoji2:emoji2:1.2.0] AndroidManifest.xml:25:13-67
66            android:authorities="com.expensemanager.app.androidx-startup"
66-->[androidx.emoji2:emoji2:1.2.0] AndroidManifest.xml:26:13-68
67            android:exported="false" >
67-->[androidx.emoji2:emoji2:1.2.0] AndroidManifest.xml:27:13-37
68            <meta-data
68-->[androidx.emoji2:emoji2:1.2.0] AndroidManifest.xml:29:13-31:52
69                android:name="androidx.emoji2.text.EmojiCompatInitializer"
69-->[androidx.emoji2:emoji2:1.2.0] AndroidManifest.xml:30:17-75
70                android:value="androidx.startup" />
70-->[androidx.emoji2:emoji2:1.2.0] AndroidManifest.xml:31:17-49
71            <meta-data
71-->[androidx.lifecycle:lifecycle-process:2.7.0] AndroidManifest.xml:29:13-31:52
72                android:name="androidx.lifecycle.ProcessLifecycleInitializer"
72-->[androidx.lifecycle:lifecycle-process:2.7.0] AndroidManifest.xml:30:17-78
73                android:value="androidx.startup" />
73-->[androidx.lifecycle:lifecycle-process:2.7.0] AndroidManifest.xml:31:17-49
74            <meta-data
74-->[androidx.profileinstaller:profileinstaller:1.3.0] AndroidManifest.xml:29:13-31:52
75                android:name="androidx.profileinstaller.ProfileInstallerInitializer"
75-->[androidx.profileinstaller:profileinstaller:1.3.0] AndroidManifest.xml:30:17-85
76                android:value="androidx.startup" />
76-->[androidx.profileinstaller:profileinstaller:1.3.0] AndroidManifest.xml:31:17-49
77        </provider>
78
79        <uses-library
79-->[androidx.window:window:1.0.0] AndroidManifest.xml:25:9-27:40
80            android:name="androidx.window.extensions"
80-->[androidx.window:window:1.0.0] AndroidManifest.xml:26:13-54
81            android:required="false" />
81-->[androidx.window:window:1.0.0] AndroidManifest.xml:27:13-37
82        <uses-library
82-->[androidx.window:window:1.0.0] AndroidManifest.xml:28:9-30:40
83            android:name="androidx.window.sidecar"
83-->[androidx.window:window:1.0.0] AndroidManifest.xml:29:13-51
84            android:required="false" />
84-->[androidx.window:window:1.0.0] AndroidManifest.xml:30:13-37
85
86        <receiver
86-->[androidx.profileinstaller:profileinstaller:1.3.0] AndroidManifest.xml:34:9-52:20
87            android:name="androidx.profileinstaller.ProfileInstallReceiver"
87-->[androidx.profileinstaller:profileinstaller:1.3.0] AndroidManifest.xml:35:13-76
88            android:directBootAware="false"
88-->[androidx.profileinstaller:profileinstaller:1.3.0] AndroidManifest.xml:36:13-44
89            android:enabled="true"
89-->[androidx.profileinstaller:profileinstaller:1.3.0] AndroidManifest.xml:37:13-35
90            android:exported="true"
90-->[androidx.profileinstaller:profileinstaller:1.3.0] AndroidManifest.xml:38:13-36
91            android:permission="android.permission.DUMP" >
91-->[androidx.profileinstaller:profileinstaller:1.3.0] AndroidManifest.xml:39:13-57
92            <intent-filter>
92-->[androidx.profileinstaller:profileinstaller:1.3.0] AndroidManifest.xml:40:13-42:29
93                <action android:name="androidx.profileinstaller.action.INSTALL_PROFILE" />
93-->[androidx.profileinstaller:profileinstaller:1.3.0] AndroidManifest.xml:41:17-91
93-->[androidx.profileinstaller:profileinstaller:1.3.0] AndroidManifest.xml:41:25-88
94            </intent-filter>
95            <intent-filter>
95-->[androidx.profileinstaller:profileinstaller:1.3.0] AndroidManifest.xml:43:13-45:29
96                <action android:name="androidx.profileinstaller.action.SKIP_FILE" />
96-->[androidx.profileinstaller:profileinstaller:1.3.0] AndroidManifest.xml:44:17-85
96-->[androidx.profileinstaller:profileinstaller:1.3.0] AndroidManifest.xml:44:25-82
97            </intent-filter>
98            <intent-filter>
98-->[androidx.profileinstaller:profileinstaller:1.3.0] AndroidManifest.xml:46:13-48:29
99                <action android:name="androidx.profileinstaller.action.SAVE_PROFILE" />
99-->[androidx.profileinstaller:profileinstaller:1.3.0] AndroidManifest.xml:47:17-88
99-->[androidx.profileinstaller:profileinstaller:1.3.0] AndroidManifest.xml:47:25-85
100            </intent-filter>
101            <intent-filter>
101-->[androidx.profileinstaller:profileinstaller:1.3.0] AndroidManifest.xml:49:13-51:29
102                <action android:name="androidx.profileinstaller.action.BENCHMARK_OPERATION" />
102-->[androidx.profileinstaller:profileinstaller:1.3.0] AndroidManifest.xml:50:17-95
102-->[androidx.profileinstaller:profileinstaller:1.3.0] AndroidManifest.xml:50:25-92
103            </intent-filter>
104        </receiver>
105    </application>
106
107</manifest>